<?xml version="1.0" encoding="UTF-8"?>
<robot generator="Robot 6.1.1 (Python 3.10.12 on linux)" generated="20231205 14:56:59.447" rpa="false" schemaversion="4">
<suite id="s1" name="Test" source="/mnt/c/Users/aandre/Desktop/test/quickTestRobot/test.robot">
<test id="s1-t1" name="Log var value" line="37">
<kw name="Log To Console" library="BuiltIn">
<arg>${var}</arg>
<doc>Logs the given message to the console.</doc>
<status status="PASS" starttime="20231205 14:56:59.470" endtime="20231205 14:56:59.471"/>
</kw>
<status status="PASS" starttime="20231205 14:56:59.470" endtime="20231205 14:56:59.471"/>
</test>
<status status="PASS" starttime="20231205 14:56:59.450" endtime="20231205 14:56:59.472"/>
</suite>
<statistics>
<total>
<stat pass="1" fail="0" skip="0">All Tests</stat>
</total>
<tag>
</tag>
<suite>
<stat pass="1" fail="0" skip="0" id="s1" name="Test">Test</stat>
</suite>
</statistics>
<errors>
<msg timestamp="20231205 14:56:59.448" level="ERROR">Taking listener 'allure_robotframework;.' into use failed: Importing listener 'allure_robotframework' failed: ModuleNotFoundError: No module named 'allure_robotframework'
Traceback (most recent call last):
  None
PYTHONPATH:
  /home/adrian/.local/bin
  /usr/lib/python310.zip
  /usr/lib/python3.10
  /usr/lib/python3.10/lib-dynload
  /home/adrian/.local/lib/python3.10/site-packages
  /usr/local/lib/python3.10/dist-packages
  /usr/lib/python3/dist-packages</msg>
</errors>
</robot>
