<?xml version="1.0" encoding="UTF-8"?>
<robot generator="Robot 5.0.1 (Python 3.9.13 on win32)" generated="20230120 15:20:09.023" rpa="false" schemaversion="3">
<suite id="s1" name="Test" source="c:\Users\aandre\Desktop\DepotGit\quickTestRobot\test.robot">
<test id="s1-t1" name="My test doc" line="5">
<kw name="test">
<kw name="Log To Console" library="BuiltIn">
<arg>test for better application</arg>
<doc>Logs the given message to the console.</doc>
<status status="PASS" starttime="20230120 15:20:09.060" endtime="20230120 15:20:09.061"/>
</kw>
<status status="PASS" starttime="20230120 15:20:09.060" endtime="20230120 15:20:09.062"/>
</kw>
<doc>My test documentation</doc>
<status status="PASS" starttime="20230120 15:20:09.059" endtime="20230120 15:20:09.062"/>
</test>
<test id="s1-t2" name="My test tag" line="8">
<kw name="test">
<kw name="Log To Console" library="BuiltIn">
<arg>test for better application</arg>
<doc>Logs the given message to the console.</doc>
<status status="PASS" starttime="20230120 15:20:09.066" endtime="20230120 15:20:09.067"/>
</kw>
<status status="PASS" starttime="20230120 15:20:09.065" endtime="20230120 15:20:09.067"/>
</kw>
<tag>My test tag</tag>
<status status="PASS" starttime="20230120 15:20:09.064" endtime="20230120 15:20:09.068"/>
</test>
<status status="PASS" starttime="20230120 15:20:09.029" endtime="20230120 15:20:09.070"/>
</suite>
<statistics>
<total>
<stat pass="2" fail="0" skip="0">All Tests</stat>
</total>
<tag>
<stat pass="1" fail="0" skip="0">My test tag</stat>
</tag>
<suite>
<stat pass="2" fail="0" skip="0" id="s1" name="Test">Test</stat>
</suite>
</statistics>
<errors>
</errors>
</robot>
